[17:34:37] [main/INFO]: Loading Minecraft 1.21 with Fabric Loader 0.16.3
[17:34:37] [main/INFO]: Loading 4 mods:
	- fabricloader 0.16.3
	   \-- mixinextras 0.4.1
	- java 21
	- minecraft 1.21
[17:34:37] [main/INFO]: SpongePowered MIXIN Subsystem Version=0.8.7 Source=file:/workspaces/servidor73/servidor_minecraft/libraries/net/fabricmc/sponge-mixin/0.15.2+mixin.0.8.7/sponge-mixin-0.15.2+mixin.0.8.7.jar Service=Knot/Fabric Env=SERVER
[17:34:43] [main/INFO]: Environment: Environment[sessionHost=https://sessionserver.mojang.com, servicesHost=https://api.minecraftservices.com, name=PROD]
[17:34:44] [main/INFO]: No existing world data, creating new world
[17:34:45] [main/INFO]: Loaded 1290 recipes
[17:34:45] [main/INFO]: Loaded 1399 advancements
[17:34:46] [Server thread/INFO]: Starting minecraft server version 1.21
[17:34:46] [Server thread/INFO]: Loading properties
[17:34:46] [Server thread/INFO]: Default game type: SURVIVAL
[17:34:46] [Server thread/INFO]: Generating keypair
[17:34:46] [Server thread/INFO]: Starting Minecraft server on *:25565
[17:34:46] [Server thread/INFO]: Using epoll channel type
[17:34:46] [Server thread/WARN]: **** SERVER IS RUNNING IN OFFLINE/INSECURE MODE!
[17:34:46] [Server thread/WARN]: The server will make no attempt to authenticate usernames. Beware.
[17:34:46] [Server thread/WARN]: While this makes the game possible to play without internet access, it also opens up the ability for hackers to connect with any username they choose.
[17:34:46] [Server thread/WARN]: To change this, set "online-mode" to "true" in the server.properties file.
[17:34:46] [Server thread/INFO]: Preparing level "world"
[17:34:51] [Server thread/INFO]: Preparing start region for dimension minecraft:overworld
[17:34:51] [Worker-Main-1/INFO]: Preparing spawn area: 2%
[17:34:52] [Worker-Main-3/INFO]: Preparing spawn area: 2%
[17:34:52] [Worker-Main-2/INFO]: Preparing spawn area: 2%
[17:34:53] [Worker-Main-2/INFO]: Preparing spawn area: 2%
[17:34:53] [Worker-Main-1/INFO]: Preparing spawn area: 18%
[17:34:54] [Worker-Main-1/INFO]: Preparing spawn area: 18%
[17:34:54] [Worker-Main-2/INFO]: Preparing spawn area: 51%
[17:34:55] [Worker-Main-1/INFO]: Preparing spawn area: 51%
[17:34:55] [Worker-Main-2/INFO]: Preparing spawn area: 51%
[17:34:56] [Server thread/INFO]: Time elapsed: 4514 ms
[17:34:56] [Server thread/INFO]: Done (9.588s)! For help, type "help"
[17:39:12] [Server thread/INFO]: papuangel[/127.166.247.164:33339] logged in with entity id 15 at (-86.5, 70.0, 124.5)
[17:39:12] [Server thread/INFO]: papuangel joined the game
[17:39:27] [Server thread/INFO]: Made papuangel a server operator
[17:40:10] [Server thread/INFO]: papuangel lost connection: Disconnected
[17:40:10] [Server thread/INFO]: papuangel left the game
[17:45:19] [Server thread/INFO]: papuangel[/127.166.247.164:34235] logged in with entity id 410 at (-85.82512573887776, 69.0, 115.91564875392179)
[17:45:19] [Server thread/INFO]: papuangel joined the game
[17:45:19] [Server thread/INFO]: papuangel lost connection: Disconnected
[17:45:19] [Server thread/INFO]: papuangel left the game
[17:45:28] [Server thread/INFO]: papuangel[/127.166.247.164:37875] logged in with entity id 487 at (-85.82512573887776, 69.0, 115.91564875392179)
[17:45:28] [Server thread/INFO]: papuangel joined the game
[17:45:28] [Server thread/INFO]: papuangel lost connection: Disconnected
[17:45:28] [Server thread/INFO]: papuangel left the game
[17:53:22] [Server thread/INFO]: papuangel[/127.166.247.164:49739] logged in with entity id 560 at (-85.82512573887776, 69.0, 115.91564875392179)
[17:53:22] [Server thread/INFO]: papuangel joined the game
[17:53:23] [Server thread/INFO]: papuangel lost connection: Disconnected
[17:53:23] [Server thread/INFO]: papuangel left the game
[17:53:48] [Server thread/INFO]: papuangel[/127.166.247.164:50765] logged in with entity id 637 at (-85.82512573887776, 69.0, 115.91564875392179)
[17:53:48] [Server thread/INFO]: papuangel joined the game
[17:53:49] [Server thread/INFO]: papuangel lost connection: Disconnected
[17:53:49] [Server thread/INFO]: papuangel left the game
[17:54:10] [Server thread/INFO]: papuangel[/127.166.247.164:39931] logged in with entity id 715 at (-85.5, 69.0, 134.5)
[17:54:10] [Server thread/INFO]: papuangel joined the game
[17:54:10] [Server thread/INFO]: papuangel lost connection: Disconnected
[17:54:10] [Server thread/INFO]: papuangel left the game
[17:54:10] [Server thread/WARN]: Failed to save player data for papuangel
[17:54:56] [Server thread/ERROR]: Could not save data net.minecraft.class_3767@56cb04e5
java.nio.file.NoSuchFileException: ./world/data/raids.dat
	at java.base/sun.nio.fs.UnixException.translateToIOException(UnixException.java:92) ~[?:?]
	at java.base/sun.nio.fs.UnixException.rethrowAsIOException(UnixException.java:106) ~[?:?]
	at java.base/sun.nio.fs.UnixException.rethrowAsIOException(UnixException.java:111) ~[?:?]
	at java.base/sun.nio.fs.UnixFileSystemProvider.newByteChannel(UnixFileSystemProvider.java:261) ~[?:?]
	at java.base/java.nio.file.spi.FileSystemProvider.newOutputStream(FileSystemProvider.java:482) ~[?:?]
	at java.base/java.nio.file.Files.newOutputStream(Files.java:227) ~[?:?]
	at net.minecraft.class_2507.method_30614(class_2507.java:71) ~[server-intermediary.jar:?]
	at net.minecraft.class_18.method_17919(class_18.java:46) ~[server-intermediary.jar:?]
	at net.minecraft.class_26.method_32384(class_26.java:127) ~[server-intermediary.jar:?]
	at java.base/java.util.HashMap.forEach(HashMap.java:1429) ~[?:?]
	at net.minecraft.class_26.method_125(class_26.java:125) ~[server-intermediary.jar:?]
	at net.minecraft.class_3218.method_14188(class_3218.java:833) ~[server-intermediary.jar:?]
	at net.minecraft.class_3218.method_14176(class_3218.java:815) ~[server-intermediary.jar:?]
	at net.minecraft.server.MinecraftServer.method_3723(MinecraftServer.java:556) ~[server-intermediary.jar:?]
	at net.minecraft.server.MinecraftServer.method_39218(MinecraftServer.java:580) ~[server-intermediary.jar:?]
	at net.minecraft.server.MinecraftServer.method_3748(MinecraftServer.java:924) ~[server-intermediary.jar:?]
	at net.minecraft.server.MinecraftServer.method_29741(MinecraftServer.java:697) ~[server-intermediary.jar:?]
	at net.minecraft.server.MinecraftServer.method_29739(MinecraftServer.java:281) ~[server-intermediary.jar:?]
	at java.base/java.lang.Thread.run(Thread.java:1583) [?:?]
[17:54:56] [Server thread/ERROR]: Could not save data net.minecraft.class_3767@2ec01b3f
java.nio.file.NoSuchFileException: ./world/DIM1/data/raids_end.dat
	at java.base/sun.nio.fs.UnixException.translateToIOException(UnixException.java:92) ~[?:?]
	at java.base/sun.nio.fs.UnixException.rethrowAsIOException(UnixException.java:106) ~[?:?]
	at java.base/sun.nio.fs.UnixException.rethrowAsIOException(UnixException.java:111) ~[?:?]
	at java.base/sun.nio.fs.UnixFileSystemProvider.newByteChannel(UnixFileSystemProvider.java:261) ~[?:?]
	at java.base/java.nio.file.spi.FileSystemProvider.newOutputStream(FileSystemProvider.java:482) ~[?:?]
	at java.base/java.nio.file.Files.newOutputStream(Files.java:227) ~[?:?]
	at net.minecraft.class_2507.method_30614(class_2507.java:71) ~[server-intermediary.jar:?]
	at net.minecraft.class_18.method_17919(class_18.java:46) ~[server-intermediary.jar:?]
	at net.minecraft.class_26.method_32384(class_26.java:127) ~[server-intermediary.jar:?]
	at java.base/java.util.HashMap.forEach(HashMap.java:1429) ~[?:?]
	at net.minecraft.class_26.method_125(class_26.java:125) ~[server-intermediary.jar:?]
	at net.minecraft.class_3218.method_14188(class_3218.java:833) ~[server-intermediary.jar:?]
	at net.minecraft.class_3218.method_14176(class_3218.java:815) ~[server-intermediary.jar:?]
	at net.minecraft.server.MinecraftServer.method_3723(MinecraftServer.java:556) ~[server-intermediary.jar:?]
	at net.minecraft.server.MinecraftServer.method_39218(MinecraftServer.java:580) ~[server-intermediary.jar:?]
	at net.minecraft.server.MinecraftServer.method_3748(MinecraftServer.java:924) ~[server-intermediary.jar:?]
	at net.minecraft.server.MinecraftServer.method_29741(MinecraftServer.java:697) ~[server-intermediary.jar:?]
	at net.minecraft.server.MinecraftServer.method_29739(MinecraftServer.java:281) ~[server-intermediary.jar:?]
	at java.base/java.lang.Thread.run(Thread.java:1583) [?:?]
[17:54:56] [Server thread/ERROR]: Could not save data net.minecraft.class_3767@1e35b9d1
java.nio.file.NoSuchFileException: ./world/DIM-1/data/raids.dat
	at java.base/sun.nio.fs.UnixException.translateToIOException(UnixException.java:92) ~[?:?]
	at java.base/sun.nio.fs.UnixException.rethrowAsIOException(UnixException.java:106) ~[?:?]
	at java.base/sun.nio.fs.UnixException.rethrowAsIOException(UnixException.java:111) ~[?:?]
	at java.base/sun.nio.fs.UnixFileSystemProvider.newByteChannel(UnixFileSystemProvider.java:261) ~[?:?]
	at java.base/java.nio.file.spi.FileSystemProvider.newOutputStream(FileSystemProvider.java:482) ~[?:?]
	at java.base/java.nio.file.Files.newOutputStream(Files.java:227) ~[?:?]
	at net.minecraft.class_2507.method_30614(class_2507.java:71) ~[server-intermediary.jar:?]
	at net.minecraft.class_18.method_17919(class_18.java:46) ~[server-intermediary.jar:?]
	at net.minecraft.class_26.method_32384(class_26.java:127) ~[server-intermediary.jar:?]
	at java.base/java.util.HashMap.forEach(HashMap.java:1429) ~[?:?]
	at net.minecraft.class_26.method_125(class_26.java:125) ~[server-intermediary.jar:?]
	at net.minecraft.class_3218.method_14188(class_3218.java:833) ~[server-intermediary.jar:?]
	at net.minecraft.class_3218.method_14176(class_3218.java:815) ~[server-intermediary.jar:?]
	at net.minecraft.server.MinecraftServer.method_3723(MinecraftServer.java:556) ~[server-intermediary.jar:?]
	at net.minecraft.server.MinecraftServer.method_39218(MinecraftServer.java:580) ~[server-intermediary.jar:?]
	at net.minecraft.server.MinecraftServer.method_3748(MinecraftServer.java:924) ~[server-intermediary.jar:?]
	at net.minecraft.server.MinecraftServer.method_29741(MinecraftServer.java:697) ~[server-intermediary.jar:?]
	at net.minecraft.server.MinecraftServer.method_29739(MinecraftServer.java:281) ~[server-intermediary.jar:?]
	at java.base/java.lang.Thread.run(Thread.java:1583) [?:?]
[17:54:56] [Server thread/ERROR]: Failed to save level ./world
java.nio.file.NoSuchFileException: ./world/level17275471504007161852.dat
	at java.base/sun.nio.fs.UnixException.translateToIOException(UnixException.java:92) ~[?:?]
	at java.base/sun.nio.fs.UnixException.rethrowAsIOException(UnixException.java:106) ~[?:?]
	at java.base/sun.nio.fs.UnixException.rethrowAsIOException(UnixException.java:111) ~[?:?]
	at java.base/sun.nio.fs.UnixFileSystemProvider.newByteChannel(UnixFileSystemProvider.java:261) ~[?:?]
	at java.base/java.nio.file.Files.newByteChannel(Files.java:379) ~[?:?]
	at java.base/java.nio.file.Files.createFile(Files.java:657) ~[?:?]
	at java.base/java.nio.file.TempFileHelper.create(TempFileHelper.java:136) ~[?:?]
	at java.base/java.nio.file.TempFileHelper.createTempFile(TempFileHelper.java:159) ~[?:?]
	at java.base/java.nio.file.Files.createTempFile(Files.java:878) ~[?:?]
	at net.minecraft.class_32$class_5143.method_54538(class_32.java:463) ~[server-intermediary.jar:?]
	at net.minecraft.class_32$class_5143.method_27426(class_32.java:457) ~[server-intermediary.jar:?]
	at net.minecraft.server.MinecraftServer.method_3723(MinecraftServer.java:563) ~[server-intermediary.jar:?]
	at net.minecraft.server.MinecraftServer.method_39218(MinecraftServer.java:580) ~[server-intermediary.jar:?]
	at net.minecraft.server.MinecraftServer.method_3748(MinecraftServer.java:924) ~[server-intermediary.jar:?]
	at net.minecraft.server.MinecraftServer.method_29741(MinecraftServer.java:697) ~[server-intermediary.jar:?]
	at net.minecraft.server.MinecraftServer.method_29739(MinecraftServer.java:281) ~[server-intermediary.jar:?]
	at java.base/java.lang.Thread.run(Thread.java:1583) [?:?]
